app/build/intermediates/manifest_merge_blame_file/debug/processDebugMainManifest/manifest-merger-blame-debug-report.txt
1<?xml version="1.0" encoding="utf-8"?>
2<manifest xmlns:android="http://schemas.android.com/apk/res/android"
3    package="com.labdigitiser"
4    android:versionCode="1"
5    android:versionName="1.0" >
6
7    <uses-sdk
8        android:minSdkVersion="24"
9        android:targetSdkVersion="34" />
10
11    <uses-permission android:name="android.permission.INTERNET" />
11-->src/main/AndroidManifest.xml:4:5-67
11-->src/main/AndroidManifest.xml:4:22-64
12    <uses-permission android:name="android.permission.ACCESS_NETWORK_STATE" />
12-->[com.google.firebase:firebase-auth:24.0.1] AndroidManifest.xml:26:5-79
12-->[com.google.firebase:firebase-auth:24.0.1] AndroidManifest.xml:26:22-76
13    <uses-permission android:name="com.google.android.providers.gsf.permission.READ_GSERVICES" />
13-->[com.google.android.recaptcha:recaptcha:18.6.1] AndroidManifest.xml:9:5-98
13-->[com.google.android.recaptcha:recaptcha:18.6.1] AndroidManifest.xml:9:22-95
14
15    <permission
15-->[androidx.core:core:1.13.0] AndroidManifest.xml:22:5-24:47
16        android:name="com.labdigitiser.DYNAMIC_RECEIVER_NOT_EXPORTED_PERMISSION"
16-->[androidx.core:core:1.13.0] AndroidManifest.xml:23:9-81
17        android:protectionLevel="signature" />
17-->[androidx.core:core:1.13.0] AndroidManifest.xml:24:9-44
18
19    <uses-permission android:name="com.labdigitiser.DYNAMIC_RECEIVER_NOT_EXPORTED_PERMISSION" />
19-->[androidx.core:core:1.13.0] AndroidManifest.xml:26:5-97
19-->[androidx.core:core:1.13.0] AndroidManifest.xml:26:22-94
20
21    <application
21-->src/main/AndroidManifest.xml:6:5-28:19
22        android:allowBackup="true"
22-->src/main/AndroidManifest.xml:7:9-35
23        android:appComponentFactory="androidx.core.app.CoreComponentFactory"
23-->[androidx.core:core:1.13.0] AndroidManifest.xml:28:18-86
24        android:debuggable="true"
25        android:extractNativeLibs="false"
26        android:icon="@android:drawable/sym_def_app_icon"
26-->src/main/AndroidManifest.xml:8:9-58
27        android:label="@string/app_name"
27-->src/main/AndroidManifest.xml:9:9-41
28        android:roundIcon="@android:drawable/sym_def_app_icon"
28-->src/main/AndroidManifest.xml:10:9-63
29        android:supportsRtl="true"
29-->src/main/AndroidManifest.xml:11:9-35
30        android:testOnly="true"
31        android:theme="@style/Theme.LabDigitiser" >
31-->src/main/AndroidManifest.xml:12:9-50
32        <activity
32-->src/main/AndroidManifest.xml:13:9-15:40
33            android:name="com.labdigitiser.MainActivity"
33-->src/main/AndroidManifest.xml:14:13-41
34            android:exported="false" />
34-->src/main/AndroidManifest.xml:15:13-37
35        <activity
35-->src/main/AndroidManifest.xml:16:9-18:40
36            android:name="com.labdigitiser.SignUpActivity"
36-->src/main/AndroidManifest.xml:17:13-43
37            android:exported="false" />
37-->src/main/AndroidManifest.xml:18:13-37
38        <activity
38-->src/main/AndroidManifest.xml:19:9-27:20
39            android:name="com.labdigitiser.LoginActivity"
39-->src/main/AndroidManifest.xml:20:13-42
40            android:exported="true" >
40-->src/main/AndroidManifest.xml:21:13-36
41            <intent-filter>
41-->src/main/AndroidManifest.xml:22:13-26:29
42                <action android:name="android.intent.action.MAIN" />
42-->src/main/AndroidManifest.xml:23:17-69
42-->src/main/AndroidManifest.xml:23:25-66
43
44                <category android:name="android.intent.category.LAUNCHER" />
44-->src/main/AndroidManifest.xml:25:17-77
44-->src/main/AndroidManifest.xml:25:27-74
45            </intent-filter>
46        </activity>
47        <activity
47-->[com.google.firebase:firebase-auth:24.0.1] AndroidManifest.xml:29:9-46:20
48            android:name="com.google.firebase.auth.internal.GenericIdpActivity"
48-->[com.google.firebase:firebase-auth:24.0.1] AndroidManifest.xml:30:13-80
49            android:excludeFromRecents="true"
49-->[com.google.firebase:firebase-auth:24.0.1] AndroidManifest.xml:31:13-46
50            android:exported="true"
50-->[com.google.firebase:firebase-auth:24.0.1] AndroidManifest.xml:32:13-36
51            android:launchMode="singleTask"
51-->[com.google.firebase:firebase-auth:24.0.1] AndroidManifest.xml:33:13-44
52            android:theme="@android:style/Theme.Translucent.NoTitleBar" >
52-->[com.google.firebase:firebase-auth:24.0.1] AndroidManifest.xml:34:13-72
53            <intent-filter>
53-->[com.google.firebase:firebase-auth:24.0.1] AndroidManifest.xml:35:13-45:29
54                <action android:name="android.intent.action.VIEW" />
54-->[com.google.firebase:firebase-auth:24.0.1] AndroidManifest.xml:36:17-69
54-->[com.google.firebase:firebase-auth:24.0.1] AndroidManifest.xml:36:25-66
55
56                <category android:name="android.intent.category.DEFAULT" />
56-->[com.google.firebase:firebase-auth:24.0.1] AndroidManifest.xml:38:17-76
56-->[com.google.firebase:firebase-auth:24.0.1] AndroidManifest.xml:38:27-73
57                <category android:name="android.intent.category.BROWSABLE" />
57-->[com.google.firebase:firebase-auth:24.0.1] AndroidManifest.xml:39:17-78
57-->[com.google.firebase:firebase-auth:24.0.1] AndroidManifest.xml:39:27-75
58
59                <data
59-->[com.google.firebase:firebase-auth:24.0.1] AndroidManifest.xml:41:17-44:51
60                    android:host="firebase.auth"
60-->[com.google.firebase:firebase-auth:24.0.1] AndroidManifest.xml:42:21-49
61                    android:path="/"
61-->[com.google.firebase:firebase-auth:24.0.1] AndroidManifest.xml:43:21-37
62                    android:scheme="genericidp" />
62-->[com.google.firebase:firebase-auth:24.0.1] AndroidManifest.xml:44:21-48
63            </intent-filter>
64        </activity>
65        <activity
65-->[com.google.firebase:firebase-auth:24.0.1] AndroidManifest.xml:47:9-64:20
66            android:name="com.google.firebase.auth.internal.RecaptchaActivity"
66-->[com.google.firebase:firebase-auth:24.0.1] AndroidManifest.xml:48:13-79
67            android:excludeFromRecents="true"
67-->[com.google.firebase:firebase-auth:24.0.1] AndroidManifest.xml:49:13-46
68            android:exported="true"
68-->[com.google.firebase:firebase-auth:24.0.1] AndroidManifest.xml:50:13-36
69            android:launchMode="singleTask"
69-->[com.google.firebase:firebase-auth:24.0.1] AndroidManifest.xml:51:13-44
70            android:theme="@android:style/Theme.Translucent.NoTitleBar" >
70-->[com.google.firebase:firebase-auth:24.0.1] AndroidManifest.xml:52:13-72
71            <intent-filter>
71-->[com.google.firebase:firebase-auth:24.0.1] AndroidManifest.xml:53:13-63:29
72                <action android:name="android.intent.action.VIEW" />
72-->[com.google.firebase:firebase-auth:24.0.1] AndroidManifest.xml:36:17-69
72-->[com.google.firebase:firebase-auth:24.0.1] AndroidManifest.xml:36:25-66
73
74                <category android:name="android.intent.category.DEFAULT" />
74-->[com.google.firebase:firebase-auth:24.0.1] AndroidManifest.xml:38:17-76
74-->[com.google.firebase:firebase-auth:24.0.1] AndroidManifest.xml:38:27-73
75                <category android:name="android.intent.category.BROWSABLE" />
75-->[com.google.firebase:firebase-auth:24.0.1] AndroidManifest.xml:39:17-78
75-->[com.google.firebase:firebase-auth:24.0.1] AndroidManifest.xml:39:27-75
76
77                <data
77-->[com.google.firebase:firebase-auth:24.0.1] AndroidManifest.xml:41:17-44:51
78                    android:host="firebase.auth"
78-->[com.google.firebase:firebase-auth:24.0.1] AndroidManifest.xml:42:21-49
79                    android:path="/"
79-->[com.google.firebase:firebase-auth:24.0.1] AndroidManifest.xml:43:21-37
80                    android:scheme="recaptcha" />
80-->[com.google.firebase:firebase-auth:24.0.1] AndroidManifest.xml:44:21-48
81            </intent-filter>
82        </activity>
83
84        <service
84-->[com.google.firebase:firebase-auth:24.0.1] AndroidManifest.xml:66:9-72:19
85            android:name="com.google.firebase.components.ComponentDiscoveryService"
85-->[com.google.firebase:firebase-auth:24.0.1] AndroidManifest.xml:67:13-84
86            android:directBootAware="true"
86-->[com.google.firebase:firebase-common:22.0.1] AndroidManifest.xml:32:13-43
87            android:exported="false" >
87-->[com.google.firebase:firebase-auth:24.0.1] AndroidManifest.xml:68:13-37
88            <meta-data
88-->[com.google.firebase:firebase-auth:24.0.1] AndroidManifest.xml:69:13-71:85
89                android:name="com.google.firebase.components:com.google.firebase.auth.FirebaseAuthRegistrar"
89-->[com.google.firebase:firebase-auth:24.0.1] AndroidManifest.xml:70:17-109
90                android:value="com.google.firebase.components.ComponentRegistrar" />
90-->[com.google.firebase:firebase-auth:24.0.1] AndroidManifest.xml:71:17-82
91            <meta-data
91-->[com.google.firebase:firebase-firestore:26.2.0] AndroidManifest.xml:17:13-19:85
92                android:name="com.google.firebase.components:com.google.firebase.firestore.FirebaseFirestoreKtxRegistrar"
92-->[com.google.firebase:firebase-firestore:26.2.0] AndroidManifest.xml:18:17-122
93                android:value="com.google.firebase.components.ComponentRegistrar" />
93-->[com.google.firebase:firebase-firestore:26.2.0] AndroidManifest.xml:19:17-82
94            <meta-data
94-->[com.google.firebase:firebase-firestore:26.2.0] AndroidManifest.xml:20:13-22:85
95                android:name="com.google.firebase.components:com.google.firebase.firestore.FirestoreRegistrar"
95-->[com.google.firebase:firebase-firestore:26.2.0] AndroidManifest.xml:21:17-111
96                android:value="com.google.firebase.components.ComponentRegistrar" />
96-->[com.google.firebase:firebase-firestore:26.2.0] AndroidManifest.xml:22:17-82
97            <meta-data
97-->[com.google.firebase:firebase-common:22.0.1] AndroidManifest.xml:35:13-37:85
98                android:name="com.google.firebase.components:com.google.firebase.FirebaseCommonKtxRegistrar"
98-->[com.google.firebase:firebase-common:22.0.1] AndroidManifest.xml:36:17-109
99                android:value="com.google.firebase.components.ComponentRegistrar" />
99-->[com.google.firebase:firebase-common:22.0.1] AndroidManifest.xml:37:17-82
100        </service>
101        <service
101-->[androidx.credentials:credentials-play-services-auth:1.2.0-rc01] AndroidManifest.xml:24:9-32:19
102            android:name="androidx.credentials.playservices.CredentialProviderMetadataHolder"
102-->[androidx.credentials:credentials-play-services-auth:1.2.0-rc01] AndroidManifest.xml:25:13-94
103            android:enabled="true"
103-->[androidx.credentials:credentials-play-services-auth:1.2.0-rc01] AndroidManifest.xml:26:13-35
104            android:exported="false" >
104-->[androidx.credentials:credentials-play-services-auth:1.2.0-rc01] AndroidManifest.xml:27:13-37
105            <meta-data
105-->[androidx.credentials:credentials-play-services-auth:1.2.0-rc01] AndroidManifest.xml:29:13-31:104
106                android:name="androidx.credentials.CREDENTIAL_PROVIDER_KEY"
106-->[androidx.credentials:credentials-play-services-auth:1.2.0-rc01] AndroidManifest.xml:30:17-76
107                android:value="androidx.credentials.playservices.CredentialProviderPlayServicesImpl" />
107-->[androidx.credentials:credentials-play-services-auth:1.2.0-rc01] AndroidManifest.xml:31:17-101
108        </service>
109
110        <activity
110-->[androidx.credentials:credentials-play-services-auth:1.2.0-rc01] AndroidManifest.xml:34:9-41:20
111            android:name="androidx.credentials.playservices.HiddenActivity"
111-->[androidx.credentials:credentials-play-services-auth:1.2.0-rc01] AndroidManifest.xml:35:13-76
112            android:configChanges="orientation|screenSize|screenLayout|keyboardHidden"
112-->[androidx.credentials:credentials-play-services-auth:1.2.0-rc01] AndroidManifest.xml:36:13-87
113            android:enabled="true"
113-->[androidx.credentials:credentials-play-services-auth:1.2.0-rc01] AndroidManifest.xml:37:13-35
114            android:exported="false"
114-->[androidx.credentials:credentials-play-services-auth:1.2.0-rc01] AndroidManifest.xml:38:13-37
115            android:fitsSystemWindows="true"
115-->[androidx.credentials:credentials-play-services-auth:1.2.0-rc01] AndroidManifest.xml:39:13-45
116            android:theme="@style/Theme.Hidden" >
116-->[androidx.credentials:credentials-play-services-auth:1.2.0-rc01] AndroidManifest.xml:40:13-48
117        </activity>
118        <activity
118-->[com.google.android.gms:play-services-auth:20.7.0] AndroidManifest.xml:23:9-27:75
119            android:name="com.google.android.gms.auth.api.signin.internal.SignInHubActivity"
119-->[com.google.android.gms:play-services-auth:20.7.0] AndroidManifest.xml:24:13-93
120            android:excludeFromRecents="true"
120-->[com.google.android.gms:play-services-auth:20.7.0] AndroidManifest.xml:25:13-46
121            android:exported="false"
121-->[com.google.android.gms:play-services-auth:20.7.0] AndroidManifest.xml:26:13-37
122            android:theme="@android:style/Theme.Translucent.NoTitleBar" />
122-->[com.google.android.gms:play-services-auth:20.7.0] AndroidManifest.xml:27:13-72
123        <!--
124            Service handling Google Sign-In user revocation. For apps that do not integrate with
125            Google Sign-In, this service will never be started.
126        -->
127        <service
127-->[com.google.android.gms:play-services-auth:20.7.0] AndroidManifest.xml:33:9-37:51
128            android:name="com.google.android.gms.auth.api.signin.RevocationBoundService"
128-->[com.google.android.gms:play-services-auth:20.7.0] AndroidManifest.xml:34:13-89
129            android:exported="true"
129-->[com.google.android.gms:play-services-auth:20.7.0] AndroidManifest.xml:35:13-36
130            android:permission="com.google.android.gms.auth.api.signin.permission.REVOCATION_NOTIFICATION"
130-->[com.google.android.gms:play-services-auth:20.7.0] AndroidManifest.xml:36:13-107
131            android:visibleToInstantApps="true" />
131-->[com.google.android.gms:play-services-auth:20.7.0] AndroidManifest.xml:37:13-48
132
133        <provider
133-->[com.google.firebase:firebase-common:22.0.1] AndroidManifest.xml:23:9-28:39
134            android:name="com.google.firebase.provider.FirebaseInitProvider"
134-->[com.google.firebase:firebase-common:22.0.1] AndroidManifest.xml:24:13-77
135            android:authorities="com.labdigitiser.firebaseinitprovider"
135-->[com.google.firebase:firebase-common:22.0.1] AndroidManifest.xml:25:13-72
136            android:directBootAware="true"
136-->[com.google.firebase:firebase-common:22.0.1] AndroidManifest.xml:26:13-43
137            android:exported="false"
137-->[com.google.firebase:firebase-common:22.0.1] AndroidManifest.xml:27:13-37
138            android:initOrder="100" />
138-->[com.google.firebase:firebase-common:22.0.1] AndroidManifest.xml:28:13-36
139
140        <activity
140-->[com.google.android.gms:play-services-base:18.9.0] AndroidManifest.xml:20:9-22:45
141            android:name="com.google.android.gms.common.api.GoogleApiActivity"
141-->[com.google.android.gms:play-services-base:18.9.0] AndroidManifest.xml:20:19-85
142            android:exported="false"
142-->[com.google.android.gms:play-services-base:18.9.0] AndroidManifest.xml:22:19-43
143            android:theme="@android:style/Theme.Translucent.NoTitleBar" />
143-->[com.google.android.gms:play-services-base:18.9.0] AndroidManifest.xml:21:19-78
144
145        <provider
145-->[androidx.emoji2:emoji2:1.3.0] AndroidManifest.xml:24:9-32:20
146            android:name="androidx.startup.InitializationProvider"
146-->[androidx.emoji2:emoji2:1.3.0] AndroidManifest.xml:25:13-67
147            android:authorities="com.labdigitiser.androidx-startup"
147-->[androidx.emoji2:emoji2:1.3.0] AndroidManifest.xml:26:13-68
148            android:exported="false" >
148-->[androidx.emoji2:emoji2:1.3.0] AndroidManifest.xml:27:13-37
149            <meta-data
149-->[androidx.emoji2:emoji2:1.3.0] AndroidManifest.xml:29:13-31:52
150                android:name="androidx.emoji2.text.EmojiCompatInitializer"
150-->[androidx.emoji2:emoji2:1.3.0] AndroidManifest.xml:30:17-75
151                android:value="androidx.startup" />
151-->[androidx.emoji2:emoji2:1.3.0] AndroidManifest.xml:31:17-49
152            <meta-data
152-->[androidx.lifecycle:lifecycle-process:2.6.2] AndroidManifest.xml:29:13-31:52
153                android:name="androidx.lifecycle.ProcessLifecycleInitializer"
153-->[androidx.lifecycle:lifecycle-process:2.6.2] AndroidManifest.xml:30:17-78
154                android:value="androidx.startup" />
154-->[androidx.lifecycle:lifecycle-process:2.6.2] AndroidManifest.xml:31:17-49
155            <meta-data
155-->[androidx.profileinstaller:profileinstaller:1.3.1] AndroidManifest.xml:29:13-31:52
156                android:name="androidx.profileinstaller.ProfileInstallerInitializer"
156-->[androidx.profileinstaller:profileinstaller:1.3.1] AndroidManifest.xml:30:17-85
157                android:value="androidx.startup" />
157-->[androidx.profileinstaller:profileinstaller:1.3.1] AndroidManifest.xml:31:17-49
158        </provider>
159
160        <meta-data
160-->[com.google.android.gms:play-services-basement:18.9.0] AndroidManifest.xml:21:9-23:69
161            android:name="com.google.android.gms.version"
161-->[com.google.android.gms:play-services-basement:18.9.0] AndroidManifest.xml:22:13-58
162            android:value="@integer/google_play_services_version" />
162-->[com.google.android.gms:play-services-basement:18.9.0] AndroidManifest.xml:23:13-66
163
164        <receiver
164-->[androidx.profileinstaller:profileinstaller:1.3.1] AndroidManifest.xml:34:9-52:20
165            android:name="androidx.profileinstaller.ProfileInstallReceiver"
165-->[androidx.profileinstaller:profileinstaller:1.3.1] AndroidManifest.xml:35:13-76
166            android:directBootAware="false"
166-->[androidx.profileinstaller:profileinstaller:1.3.1] AndroidManifest.xml:36:13-44
167            android:enabled="true"
167-->[androidx.profileinstaller:profileinstaller:1.3.1] AndroidManifest.xml:37:13-35
168            android:exported="true"
168-->[androidx.profileinstaller:profileinstaller:1.3.1] AndroidManifest.xml:38:13-36
169            android:permission="android.permission.DUMP" >
169-->[androidx.profileinstaller:profileinstaller:1.3.1] AndroidManifest.xml:39:13-57
170            <intent-filter>
170-->[androidx.profileinstaller:profileinstaller:1.3.1] AndroidManifest.xml:40:13-42:29
171                <action android:name="androidx.profileinstaller.action.INSTALL_PROFILE" />
171-->[androidx.profileinstaller:profileinstaller:1.3.1] AndroidManifest.xml:41:17-91
171-->[androidx.profileinstaller:profileinstaller:1.3.1] AndroidManifest.xml:41:25-88
172            </intent-filter>
173            <intent-filter>
173-->[androidx.profileinstaller:profileinstaller:1.3.1] AndroidManifest.xml:43:13-45:29
174                <action android:name="androidx.profileinstaller.action.SKIP_FILE" />
174-->[androidx.profileinstaller:profileinstaller:1.3.1] AndroidManifest.xml:44:17-85
174-->[androidx.profileinstaller:profileinstaller:1.3.1] AndroidManifest.xml:44:25-82
175            </intent-filter>
176            <intent-filter>
176-->[androidx.profileinstaller:profileinstaller:1.3.1] AndroidManifest.xml:46:13-48:29
177                <action android:name="androidx.profileinstaller.action.SAVE_PROFILE" />
177-->[androidx.profileinstaller:profileinstaller:1.3.1] AndroidManifest.xml:47:17-88
177-->[androidx.profileinstaller:profileinstaller:1.3.1] AndroidManifest.xml:47:25-85
178            </intent-filter>
179            <intent-filter>
179-->[androidx.profileinstaller:profileinstaller:1.3.1] AndroidManifest.xml:49:13-51:29
180                <action android:name="androidx.profileinstaller.action.BENCHMARK_OPERATION" />
180-->[androidx.profileinstaller:profileinstaller:1.3.1] AndroidManifest.xml:50:17-95
180-->[androidx.profileinstaller:profileinstaller:1.3.1] AndroidManifest.xml:50:25-92
181            </intent-filter>
182        </receiver> <!-- The activities will be merged into the manifest of the hosting app. -->
183        <activity
183-->[com.google.android.play:core-common:2.0.3] AndroidManifest.xml:14:9-18:65
184            android:name="com.google.android.play.core.common.PlayCoreDialogWrapperActivity"
184-->[com.google.android.play:core-common:2.0.3] AndroidManifest.xml:15:13-93
185            android:exported="false"
185-->[com.google.android.play:core-common:2.0.3] AndroidManifest.xml:16:13-37
186            android:stateNotNeeded="true"
186-->[com.google.android.play:core-common:2.0.3] AndroidManifest.xml:17:13-42
187            android:theme="@style/Theme.PlayCore.Transparent" />
187-->[com.google.android.play:core-common:2.0.3] AndroidManifest.xml:18:13-62
188    </application>
189
190</manifest>